Removed Pin From Net: NetName=S_Y2 Pin=U33-1
Removed Pin From Net: NetName=S_Y1 Pin=U33-2
Removed Pin From Net: NetName=S_Y4 Pin=U33-3
Removed Pin From Net: NetName=S_Y3 Pin=U33-4
Removed Pin From Net: NetName=S_Y6 Pin=U33-5
Removed Pin From Net: NetName=S_Y5 Pin=U33-6
Removed Pin From Net: NetName=S_Y8 Pin=U33-7
Removed Pin From Net: NetName=S_Y7 Pin=U33-10
Removed Pin From Net: NetName=S_Y10 Pin=U33-11
Removed Pin From Net: NetName=S_Y9 Pin=U33-12
Removed Pin From Net: NetName=S_Y12 Pin=U33-14
Removed Pin From Net: NetName=S_Y11 Pin=U33-15
Removed Pin From Net: NetName=S_X12 Pin=U33-16
Removed Pin From Net: NetName=S_X11 Pin=U33-17
Removed Pin From Net: NetName=S_X10 Pin=U33-20
Removed Pin From Net: NetName=S_X9 Pin=U33-21
Removed Pin From Net: NetName=RS485_RX Pin=U33-22
Added Pin To Net: NetName=S_Y4 Pin=U33-1
Added Pin To Net: NetName=S_Y3 Pin=U33-2
Added Pin To Net: NetName=S_Y6 Pin=U33-3
Added Pin To Net: NetName=S_Y5 Pin=U33-4
Added Pin To Net: NetName=S_Y8 Pin=U33-5
Added Pin To Net: NetName=S_Y7 Pin=U33-6
Added Pin To Net: NetName=S_Y10 Pin=U33-7
Added Pin To Net: NetName=S_Y9 Pin=U33-10
Added Pin To Net: NetName=S_Y12 Pin=U33-11
Added Pin To Net: NetName=S_Y11 Pin=U33-12
Added Pin To Net: NetName=S_X12 Pin=U33-14
Added Pin To Net: NetName=S_X11 Pin=U33-15
Added Pin To Net: NetName=S_X10 Pin=U33-16
Added Pin To Net: NetName=S_X9 Pin=U33-17
Added Pin To Net: NetName=RS485_RX Pin=U33-20
Added Pin To Net: NetName=S_Y2 Pin=U33-43
Added Pin To Net: NetName=S_Y1 Pin=U33-44
Added Pin To Net: NetName=RS485_DE Pin=U33-22
Added Pin To Net: NetName=RS485_DE Pin=U35-3
Added Net: Name=RS485_DE
Added Pin To Net: NetName=RS485_RE Pin=U33-21
Added Pin To Net: NetName=RS485_RE Pin=U35-2
Added Net: Name=RS485_RE
Added Member To Class: ClassName=DSDPLC_MCU Member=Component C3 0.1uF
Added Member To Class: ClassName=DSDPLC_MCU Member=Component C5 0.1uF
Added Member To Class: ClassName=DSDPLC_MCU Member=Component C6 0.1uF
Added Member To Class: ClassName=DSDPLC_MCU Member=Component C7 0.1uF
Added Member To Class: ClassName=DSDPLC_MCU Member=Component J1 MICRO_USB
Added Member To Class: ClassName=DSDPLC_IO Member=Component R8 R_SMD
Added Member To Class: ClassName=DSDPLC_IO Member=Component R9 R_SMD
Added Member To Class: ClassName=DSDPLC_IO Member=Component R10 R_SMD
Added Member To Class: ClassName=DSDPLC_IO Member=Component R18 R_SMD
Added Member To Class: ClassName=DSDPLC_IO Member=Component R19 R_SMD
Added Member To Class: ClassName=DSDPLC_IO Member=Component R28 R_SMD
Added Member To Class: ClassName=DSDPLC_IO Member=Component R29 R_SMD
Added Member To Class: ClassName=DSDPLC_IO Member=Component R34 R_SMD
Added Member To Class: ClassName=DSDPLC_IO Member=Component R35 R_SMD
Added Member To Class: ClassName=DSDPLC_MCU Member=Component U33 ATXMEGA32A4U-AU
Added Member To Class: ClassName=DSDPLC_MCU Member=Component U34 IP4220CZ6,125
