Added Component: Designator=C1(C_TANT_A_3216_L)
Added Component: Designator=C2(C0603_L)
Added Component: Designator=C3(C0603_L)
Added Component: Designator=C4(C0603_L)
Added Component: Designator=C5(C0603_N)
Added Component: Designator=C6(C_TANT_A_3216_N)
Added Component: Designator=C7(C_TANT_A_3216_N)
Added Component: Designator=C8(C0603_N)
Added Component: Designator=C9(C0603_N)
Added Component: Designator=C10(C0603_N)
Added Component: Designator=C11(C0603_N)
Added Component: Designator=D1(R0603_L)
Added Component: Designator=D2(R0603_L)
Added Component: Designator=D3(SMB_L)
Added Component: Designator=D4(SMB_L)
Added Component: Designator=D5(SMB_L)
Added Component: Designator=D6(R0603_L)
Added Component: Designator=D7(R0603_L)
Added Component: Designator=D8(SOD-80_N)
Added Component: Designator=D9(SOD-80_N)
Added Component: Designator=D10(SOD-80_N)
Added Component: Designator=D11(R0603_L)
Added Component: Designator=D12(R0603_L)
Added Component: Designator=D13(R0603_L)
Added Component: Designator=D14(R0603_L)
Added Component: Designator=D15(SMB_L)
Added Component: Designator=D16(SMB_L)
Added Component: Designator=D17(SMB_L)
Added Component: Designator=D18(SOD-80_N)
Added Component: Designator=D19(SOD-80_N)
Added Component: Designator=D20(SOD-80_N)
Added Component: Designator=D21(R0603_L)
Added Component: Designator=D22(R0603_L)
Added Component: Designator=D23(R0603_L)
Added Component: Designator=D24(R0603_L)
Added Component: Designator=D25(SMB_L)
Added Component: Designator=D26(SMB_L)
Added Component: Designator=D27(SMB_L)
Added Component: Designator=D28(SOD-80_N)
Added Component: Designator=D29(SOD-80_N)
Added Component: Designator=D30(SOD-80_N)
Added Component: Designator=D31(R0603_L)
Added Component: Designator=D32(R0603_L)
Added Component: Designator=D33(R0603_L)
Added Component: Designator=D34(R0603_L)
Added Component: Designator=D35(SMB_L)
Added Component: Designator=D36(SMB_L)
Added Component: Designator=D37(SMB_L)
Added Component: Designator=D38(R0603_L)
Added Component: Designator=D39(R0603_L)
Added Component: Designator=D40(SOD-80_N)
Added Component: Designator=D41(SOD-80_N)
Added Component: Designator=D42(SOD-80_N)
Added Component: Designator=D43(R0603_L)
Added Component: Designator=D44(R0603_L)
Added Component: Designator=D45(R0603_L)
Added Component: Designator=D46(R0603_L)
Added Component: Designator=D47(R0603_L)
Added Component: Designator=D48(R0603_L)
Added Component: Designator=D49(SMB_L)
Added Component: Designator=D50(SMC_L)
Added Component: Designator=D51(SMB_L)
Added Component: Designator=J1(USB_MICRO_SMD)
Added Component: Designator=L1(WW_IND_L)
Added Component: Designator=P11(HDR1X2)
Added Component: Designator=P12(HDR2X3)
Added Component: Designator=P13(HDR2X2)
Added Component: Designator=P14(BARRIER CONN X 2)
Added Component: Designator=R1(R0603_N)
Added Component: Designator=R2(R0603_N)
Added Component: Designator=R3(R0603_N)
Added Component: Designator=R4(R0603_N)
Added Component: Designator=R5(R0603_N)
Added Component: Designator=R6(R0603_N)
Added Component: Designator=R7(R0603_N)
Added Component: Designator=R8(R0603_N)
Added Component: Designator=R9(R0603_N)
Added Component: Designator=R10(R0603_N)
Added Component: Designator=R11(R0603_N)
Added Component: Designator=R12(R0603_N)
Added Component: Designator=R13(R0603_N)
Added Component: Designator=R14(R0603_N)
Added Component: Designator=R15(R0603_N)
Added Component: Designator=R16(R0603_N)
Added Component: Designator=R17(R0603_N)
Added Component: Designator=R18(R0603_N)
Added Component: Designator=R19(R0603_N)
Added Component: Designator=R20(R0603_N)
Added Component: Designator=R21(R0603_N)
Added Component: Designator=R22(R0603_N)
Added Component: Designator=R23(R0603_N)
Added Component: Designator=R24(R0603_N)
Added Component: Designator=R25(R0603_N)
Added Component: Designator=R26(R0603_N)
Added Component: Designator=R27(R0603_N)
Added Component: Designator=R28(R0603_N)
Added Component: Designator=R29(R0603_N)
Added Component: Designator=R30(R0603_N)
Added Component: Designator=R31(R0603_N)
Added Component: Designator=R32(R0603_N)
Added Component: Designator=R33(R0603_N)
Added Component: Designator=R34(R0603_N)
Added Component: Designator=R35(R0603_N)
Added Component: Designator=R36(R0603_N)
Added Component: Designator=R37(R0603_N)
Added Component: Designator=R38(R0603_N)
Added Component: Designator=R39(R0603_N)
Added Component: Designator=R40(R0603_N)
Added Component: Designator=R41(R0603_N)
Added Component: Designator=R42(R0603_N)
Added Component: Designator=R43(R0603_N)
Added Component: Designator=R44(R0603_N)
Added Component: Designator=R45(R0603_N)
Added Component: Designator=R46(R0603_N)
Added Component: Designator=R47(R0603_N)
Added Component: Designator=R48(R0603_N)
Added Component: Designator=R49(R0603_N)
Added Component: Designator=R50(R0603_N)
Added Component: Designator=R51(R0603_N)
Added Component: Designator=R52(R0603_N)
Added Component: Designator=R53(R0603_N)
Added Component: Designator=R54(R0603_N)
Added Component: Designator=R55(R0603_N)
Added Component: Designator=R56(R0603_N)
Added Component: Designator=R57(R0603_N)
Added Component: Designator=R58(R0603_N)
Added Component: Designator=R59(R0603_N)
Added Component: Designator=R60(R0603_N)
Added Component: Designator=R61(R0603_N)
Added Component: Designator=R62(R0603_N)
Added Component: Designator=SW1(swich_foot)
Added Component: Designator=U1(SOIC6 (4 leads))
Added Component: Designator=U2(SOIC6 (4 leads))
Added Component: Designator=U3(SOIC6 (4 leads))
Added Component: Designator=U4(SOIC6 (4 leads))
Added Component: Designator=U5(SOIC6 (4 leads))
Added Component: Designator=U6(SOIC6 (4 leads))
Added Component: Designator=U7(SOIC6 (4 leads))
Added Component: Designator=U8(SOIC6 (4 leads))
Added Component: Designator=U9(SOIC6 (4 leads))
Added Component: Designator=U10(SOIC6 (4 leads))
Added Component: Designator=U11(SOIC6 (4 leads))
Added Component: Designator=U12(SOIC6 (4 leads))
Added Component: Designator=U13(SOP4_N)
Added Component: Designator=U14(SOP4_N)
Added Component: Designator=U15(751A-03_N)
Added Component: Designator=U16(SOT363_L)
Added Component: Designator=U17(SOT363_L)
Added Component: Designator=U18(SOP4_N)
Added Component: Designator=U19(SOP4_N)
Added Component: Designator=U20(SOP4_N)
Added Component: Designator=U21(SOP4_N)
Added Component: Designator=U22(SOT363_L)
Added Component: Designator=U23(SOT363_L)
Added Component: Designator=U24(SOP4_N)
Added Component: Designator=U25(SOP4_N)
Added Component: Designator=U26(SOP4_N)
Added Component: Designator=U27(SOP4_N)
Added Component: Designator=U28(SOT363_L)
Added Component: Designator=U29(SOT363_L)
Added Component: Designator=U30(SOP4_N)
Added Component: Designator=U31(SOP4_N)
Added Component: Designator=U32(HSOIC-8_L)
Added Component: Designator=U33(MP04A_N)
Added Component: Designator=U34(44A_M)
Added Component: Designator=U35(SOIC8WA_N)
Added Pin To Net: NetName=3V3 Pin=C7-1
Added Pin To Net: NetName=3V3 Pin=C9-2
Added Pin To Net: NetName=3V3 Pin=C10-2
Added Pin To Net: NetName=3V3 Pin=C11-2
Added Pin To Net: NetName=3V3 Pin=P12-2
Added Pin To Net: NetName=3V3 Pin=R8-2
Added Pin To Net: NetName=3V3 Pin=R9-2
Added Pin To Net: NetName=3V3 Pin=R10-2
Added Pin To Net: NetName=3V3 Pin=R18-2
Added Pin To Net: NetName=3V3 Pin=R19-2
Added Pin To Net: NetName=3V3 Pin=R20-2
Added Pin To Net: NetName=3V3 Pin=R28-2
Added Pin To Net: NetName=3V3 Pin=R29-2
Added Pin To Net: NetName=3V3 Pin=R30-2
Added Pin To Net: NetName=3V3 Pin=R34-2
Added Pin To Net: NetName=3V3 Pin=R35-2
Added Pin To Net: NetName=3V3 Pin=R36-2
Added Pin To Net: NetName=3V3 Pin=R62-2
Added Pin To Net: NetName=3V3 Pin=U15-4
Added Pin To Net: NetName=3V3 Pin=U33-2
Added Pin To Net: NetName=3V3 Pin=U33-4
Added Pin To Net: NetName=3V3 Pin=U34-9
Added Pin To Net: NetName=3V3 Pin=U34-19
Added Pin To Net: NetName=3V3 Pin=U34-31
Added Pin To Net: NetName=3V3 Pin=U34-39
Added Net: Name=3V3
Added Pin To Net: NetName=5V Pin=C1-1
Added Pin To Net: NetName=5V Pin=L1-2
Added Pin To Net: NetName=5V Pin=R1-1
Added Pin To Net: NetName=5V Pin=R2-1
Added Pin To Net: NetName=5V Pin=R6-1
Added Pin To Net: NetName=5V Pin=R7-1
Added Pin To Net: NetName=5V Pin=R11-1
Added Pin To Net: NetName=5V Pin=R12-1
Added Pin To Net: NetName=5V Pin=R13-1
Added Pin To Net: NetName=5V Pin=R14-1
Added Pin To Net: NetName=5V Pin=R21-1
Added Pin To Net: NetName=5V Pin=R22-1
Added Pin To Net: NetName=5V Pin=R23-1
Added Pin To Net: NetName=5V Pin=R24-1
Added Pin To Net: NetName=5V Pin=R37-2
Added Pin To Net: NetName=5V Pin=R38-2
Added Pin To Net: NetName=5V Pin=R41-2
Added Pin To Net: NetName=5V Pin=R42-2
Added Pin To Net: NetName=5V Pin=R44-2
Added Pin To Net: NetName=5V Pin=R45-2
Added Pin To Net: NetName=5V Pin=R47-2
Added Pin To Net: NetName=5V Pin=R48-2
Added Pin To Net: NetName=5V Pin=R51-2
Added Pin To Net: NetName=5V Pin=R52-2
Added Pin To Net: NetName=5V Pin=R54-2
Added Pin To Net: NetName=5V Pin=R55-2
Added Pin To Net: NetName=5V Pin=R57-1
Added Pin To Net: NetName=5V Pin=R60-2
Added Pin To Net: NetName=5V Pin=R61-2
Added Net: Name=5V
Added Pin To Net: NetName=A1 Pin=R39-2
Added Net: Name=A1
Added Pin To Net: NetName=A2 Pin=R43-2
Added Net: Name=A2
Added Pin To Net: NetName=A3 Pin=R49-2
Added Net: Name=A3
Added Pin To Net: NetName=A4 Pin=R53-2
Added Net: Name=A4
Added Pin To Net: NetName=AN_GND Pin=C1-2
Added Pin To Net: NetName=AN_GND Pin=C2-1
Added Pin To Net: NetName=AN_GND Pin=C4-1
Added Pin To Net: NetName=AN_GND Pin=C5-1
Added Pin To Net: NetName=AN_GND Pin=C6-2
Added Pin To Net: NetName=AN_GND Pin=C7-2
Added Pin To Net: NetName=AN_GND Pin=C8-2
Added Pin To Net: NetName=AN_GND Pin=C9-1
Added Pin To Net: NetName=AN_GND Pin=C10-1
Added Pin To Net: NetName=AN_GND Pin=C11-1
Added Pin To Net: NetName=AN_GND Pin=D50-1
Added Pin To Net: NetName=AN_GND Pin=D51-1
Added Pin To Net: NetName=AN_GND Pin=J1-5
Added Pin To Net: NetName=AN_GND Pin=J1-shd
Added Pin To Net: NetName=AN_GND Pin=J1-shd
Added Pin To Net: NetName=AN_GND Pin=J1-shd
Added Pin To Net: NetName=AN_GND Pin=J1-shd
Added Pin To Net: NetName=AN_GND Pin=J1-shd
Added Pin To Net: NetName=AN_GND Pin=J1-shd
Added Pin To Net: NetName=AN_GND Pin=P12-6
Added Pin To Net: NetName=AN_GND Pin=P13-4
Added Pin To Net: NetName=AN_GND Pin=R40-1
Added Pin To Net: NetName=AN_GND Pin=R46-1
Added Pin To Net: NetName=AN_GND Pin=R50-1
Added Pin To Net: NetName=AN_GND Pin=R56-1
Added Pin To Net: NetName=AN_GND Pin=R58-1
Added Pin To Net: NetName=AN_GND Pin=R59-1
Added Pin To Net: NetName=AN_GND Pin=SW1-1
Added Pin To Net: NetName=AN_GND Pin=SW1-1
Added Pin To Net: NetName=AN_GND Pin=U1-4
Added Pin To Net: NetName=AN_GND Pin=U2-4
Added Pin To Net: NetName=AN_GND Pin=U3-4
Added Pin To Net: NetName=AN_GND Pin=U4-4
Added Pin To Net: NetName=AN_GND Pin=U5-4
Added Pin To Net: NetName=AN_GND Pin=U6-4
Added Pin To Net: NetName=AN_GND Pin=U7-4
Added Pin To Net: NetName=AN_GND Pin=U8-4
Added Pin To Net: NetName=AN_GND Pin=U9-4
Added Pin To Net: NetName=AN_GND Pin=U10-4
Added Pin To Net: NetName=AN_GND Pin=U11-4
Added Pin To Net: NetName=AN_GND Pin=U12-4
Added Pin To Net: NetName=AN_GND Pin=U15-11
Added Pin To Net: NetName=AN_GND Pin=U16-1
Added Pin To Net: NetName=AN_GND Pin=U16-4
Added Pin To Net: NetName=AN_GND Pin=U17-1
Added Pin To Net: NetName=AN_GND Pin=U17-4
Added Pin To Net: NetName=AN_GND Pin=U22-1
Added Pin To Net: NetName=AN_GND Pin=U22-4
Added Pin To Net: NetName=AN_GND Pin=U23-1
Added Pin To Net: NetName=AN_GND Pin=U23-4
Added Pin To Net: NetName=AN_GND Pin=U28-1
Added Pin To Net: NetName=AN_GND Pin=U28-4
Added Pin To Net: NetName=AN_GND Pin=U29-1
Added Pin To Net: NetName=AN_GND Pin=U29-4
Added Pin To Net: NetName=AN_GND Pin=U32-3
Added Pin To Net: NetName=AN_GND Pin=U32-7
Added Pin To Net: NetName=AN_GND Pin=U32-9
Added Pin To Net: NetName=AN_GND Pin=U33-1
Added Pin To Net: NetName=AN_GND Pin=U34-8
Added Pin To Net: NetName=AN_GND Pin=U34-18
Added Pin To Net: NetName=AN_GND Pin=U34-30
Added Pin To Net: NetName=AN_GND Pin=U34-38
Added Net: Name=AN_GND
Added Pin To Net: NetName=BT_RX Pin=U34-22
Added Net: Name=BT_RX
Added Pin To Net: NetName=BT_TX Pin=U34-23
Added Net: Name=BT_TX
Added Pin To Net: NetName=COM1 Pin=U13-3
Added Net: Name=COM1
Added Pin To Net: NetName=COM2 Pin=U18-3
Added Net: Name=COM2
Added Pin To Net: NetName=COM3 Pin=U20-3
Added Net: Name=COM3
Added Pin To Net: NetName=COM4 Pin=U24-3
Added Net: Name=COM4
Added Pin To Net: NetName=COM5 Pin=U26-3
Added Net: Name=COM5
Added Pin To Net: NetName=COM6 Pin=U30-3
Added Net: Name=COM6
Added Pin To Net: NetName=COM9 Pin=D10-1
Added Pin To Net: NetName=COM9 Pin=D39-2
Added Net: Name=COM9
Added Pin To Net: NetName=COM10 Pin=D20-1
Added Pin To Net: NetName=COM10 Pin=D44-2
Added Net: Name=COM10
Added Pin To Net: NetName=COM11 Pin=D30-1
Added Pin To Net: NetName=COM11 Pin=D46-2
Added Net: Name=COM11
Added Pin To Net: NetName=COM12 Pin=D42-1
Added Pin To Net: NetName=COM12 Pin=D48-2
Added Net: Name=COM12
Added Pin To Net: NetName=COMM Pin=U14-3
Added Pin To Net: NetName=COMM Pin=U19-3
Added Pin To Net: NetName=COMM Pin=U21-3
Added Pin To Net: NetName=COMM Pin=U25-3
Added Pin To Net: NetName=COMM Pin=U27-3
Added Pin To Net: NetName=COMM Pin=U31-3
Added Net: Name=COMM
Added Pin To Net: NetName=IN_GND Pin=D8-1
Added Pin To Net: NetName=IN_GND Pin=D9-1
Added Pin To Net: NetName=IN_GND Pin=D18-1
Added Pin To Net: NetName=IN_GND Pin=D19-1
Added Pin To Net: NetName=IN_GND Pin=D28-1
Added Pin To Net: NetName=IN_GND Pin=D29-1
Added Pin To Net: NetName=IN_GND Pin=D31-2
Added Pin To Net: NetName=IN_GND Pin=D32-2
Added Pin To Net: NetName=IN_GND Pin=D33-2
Added Pin To Net: NetName=IN_GND Pin=D34-2
Added Pin To Net: NetName=IN_GND Pin=D38-2
Added Pin To Net: NetName=IN_GND Pin=D40-1
Added Pin To Net: NetName=IN_GND Pin=D41-1
Added Pin To Net: NetName=IN_GND Pin=D43-2
Added Pin To Net: NetName=IN_GND Pin=D45-2
Added Pin To Net: NetName=IN_GND Pin=D47-2
Added Net: Name=IN_GND
Added Pin To Net: NetName=LED_X1 Pin=D31-1
Added Pin To Net: NetName=LED_X1 Pin=U1-3
Added Net: Name=LED_X1
Added Pin To Net: NetName=LED_X2 Pin=D33-1
Added Pin To Net: NetName=LED_X2 Pin=U4-3
Added Net: Name=LED_X2
Added Pin To Net: NetName=LED_X3 Pin=D38-1
Added Pin To Net: NetName=LED_X3 Pin=U7-3
Added Net: Name=LED_X3
Added Pin To Net: NetName=LED_X4 Pin=D43-1
Added Pin To Net: NetName=LED_X4 Pin=U10-3
Added Net: Name=LED_X4
Added Pin To Net: NetName=LED_X5 Pin=D45-1
Added Pin To Net: NetName=LED_X5 Pin=U2-3
Added Net: Name=LED_X5
Added Pin To Net: NetName=LED_X6 Pin=D47-1
Added Pin To Net: NetName=LED_X6 Pin=U5-3
Added Net: Name=LED_X6
Added Pin To Net: NetName=LED_X7 Pin=D32-1
Added Pin To Net: NetName=LED_X7 Pin=U8-3
Added Net: Name=LED_X7
Added Pin To Net: NetName=LED_X8 Pin=D34-1
Added Pin To Net: NetName=LED_X8 Pin=U11-3
Added Net: Name=LED_X8
Added Pin To Net: NetName=LED_X9 Pin=D39-1
Added Pin To Net: NetName=LED_X9 Pin=U3-3
Added Net: Name=LED_X9
Added Pin To Net: NetName=LED_X10 Pin=D44-1
Added Pin To Net: NetName=LED_X10 Pin=U6-3
Added Net: Name=LED_X10
Added Pin To Net: NetName=LED_X11 Pin=D46-1
Added Pin To Net: NetName=LED_X11 Pin=U9-3
Added Net: Name=LED_X11
Added Pin To Net: NetName=LED_X12 Pin=D48-1
Added Pin To Net: NetName=LED_X12 Pin=U12-3
Added Net: Name=LED_X12
Added Pin To Net: NetName=LED_Y1 Pin=D1-2
Added Pin To Net: NetName=LED_Y1 Pin=U13-2
Added Pin To Net: NetName=LED_Y1 Pin=U16-3
Added Net: Name=LED_Y1
Added Pin To Net: NetName=LED_Y2 Pin=D6-2
Added Pin To Net: NetName=LED_Y2 Pin=U16-6
Added Pin To Net: NetName=LED_Y2 Pin=U18-2
Added Net: Name=LED_Y2
Added Pin To Net: NetName=LED_Y3 Pin=D11-2
Added Pin To Net: NetName=LED_Y3 Pin=U20-2
Added Pin To Net: NetName=LED_Y3 Pin=U22-3
Added Net: Name=LED_Y3
Added Pin To Net: NetName=LED_Y4 Pin=D13-2
Added Pin To Net: NetName=LED_Y4 Pin=U22-6
Added Pin To Net: NetName=LED_Y4 Pin=U24-2
Added Net: Name=LED_Y4
Added Pin To Net: NetName=LED_Y5 Pin=D21-2
Added Pin To Net: NetName=LED_Y5 Pin=U26-2
Added Pin To Net: NetName=LED_Y5 Pin=U28-3
Added Net: Name=LED_Y5
Added Pin To Net: NetName=LED_Y6 Pin=D23-2
Added Pin To Net: NetName=LED_Y6 Pin=U28-6
Added Pin To Net: NetName=LED_Y6 Pin=U30-2
Added Net: Name=LED_Y6
Added Pin To Net: NetName=LED_Y7 Pin=D2-2
Added Pin To Net: NetName=LED_Y7 Pin=U14-2
Added Pin To Net: NetName=LED_Y7 Pin=U17-6
Added Net: Name=LED_Y7
Added Pin To Net: NetName=LED_Y8 Pin=D7-2
Added Pin To Net: NetName=LED_Y8 Pin=U17-3
Added Pin To Net: NetName=LED_Y8 Pin=U19-2
Added Net: Name=LED_Y8
Added Pin To Net: NetName=LED_Y9 Pin=D12-2
Added Pin To Net: NetName=LED_Y9 Pin=U21-2
Added Pin To Net: NetName=LED_Y9 Pin=U23-6
Added Net: Name=LED_Y9
Added Pin To Net: NetName=LED_Y10 Pin=D14-2
Added Pin To Net: NetName=LED_Y10 Pin=U23-3
Added Pin To Net: NetName=LED_Y10 Pin=U25-2
Added Net: Name=LED_Y10
Added Pin To Net: NetName=LED_Y11 Pin=D22-2
Added Pin To Net: NetName=LED_Y11 Pin=U27-2
Added Pin To Net: NetName=LED_Y11 Pin=U29-6
Added Net: Name=LED_Y11
Added Pin To Net: NetName=LED_Y12 Pin=D24-2
Added Pin To Net: NetName=LED_Y12 Pin=U29-3
Added Pin To Net: NetName=LED_Y12 Pin=U31-2
Added Net: Name=LED_Y12
Added Pin To Net: NetName=NetC2_2 Pin=C2-2
Added Pin To Net: NetName=NetC2_2 Pin=D49-2
Added Pin To Net: NetName=NetC2_2 Pin=U32-8
Added Net: Name=NetC2_2
Added Pin To Net: NetName=NetC3_1 Pin=C3-1
Added Pin To Net: NetName=NetC3_1 Pin=R59-2
Added Net: Name=NetC3_1
Added Pin To Net: NetName=NetC3_2 Pin=C3-2
Added Pin To Net: NetName=NetC3_2 Pin=C4-2
Added Pin To Net: NetName=NetC3_2 Pin=U32-4
Added Net: Name=NetC3_2
Added Pin To Net: NetName=NetC6_1 Pin=C6-1
Added Pin To Net: NetName=NetC6_1 Pin=R60-1
Added Pin To Net: NetName=NetC6_1 Pin=R61-1
Added Pin To Net: NetName=NetC6_1 Pin=U33-3
Added Net: Name=NetC6_1
Added Pin To Net: NetName=NetD1_1 Pin=D1-1
Added Pin To Net: NetName=NetD1_1 Pin=R1-2
Added Net: Name=NetD1_1
Added Pin To Net: NetName=NetD2_1 Pin=D2-1
Added Pin To Net: NetName=NetD2_1 Pin=R2-2
Added Net: Name=NetD2_1
Added Pin To Net: NetName=NetD3_1 Pin=D3-1
Added Pin To Net: NetName=NetD3_1 Pin=U1-1
Added Net: Name=NetD3_1
Added Pin To Net: NetName=NetD3_2 Pin=D3-2
Added Pin To Net: NetName=NetD3_2 Pin=D8-2
Added Pin To Net: NetName=NetD3_2 Pin=R3-1
Added Net: Name=NetD3_2
Added Pin To Net: NetName=NetD4_1 Pin=D4-1
Added Pin To Net: NetName=NetD4_1 Pin=U2-1
Added Net: Name=NetD4_1
Added Pin To Net: NetName=NetD4_2 Pin=D4-2
Added Pin To Net: NetName=NetD4_2 Pin=D9-2
Added Pin To Net: NetName=NetD4_2 Pin=R4-1
Added Net: Name=NetD4_2
Added Pin To Net: NetName=NetD5_1 Pin=D5-1
Added Pin To Net: NetName=NetD5_1 Pin=U3-1
Added Net: Name=NetD5_1
Added Pin To Net: NetName=NetD5_2 Pin=D5-2
Added Pin To Net: NetName=NetD5_2 Pin=D10-2
Added Pin To Net: NetName=NetD5_2 Pin=R5-1
Added Net: Name=NetD5_2
Added Pin To Net: NetName=NetD6_1 Pin=D6-1
Added Pin To Net: NetName=NetD6_1 Pin=R6-2
Added Net: Name=NetD6_1
Added Pin To Net: NetName=NetD7_1 Pin=D7-1
Added Pin To Net: NetName=NetD7_1 Pin=R7-2
Added Net: Name=NetD7_1
Added Pin To Net: NetName=NetD11_1 Pin=D11-1
Added Pin To Net: NetName=NetD11_1 Pin=R11-2
Added Net: Name=NetD11_1
Added Pin To Net: NetName=NetD12_1 Pin=D12-1
Added Pin To Net: NetName=NetD12_1 Pin=R12-2
Added Net: Name=NetD12_1
Added Pin To Net: NetName=NetD13_1 Pin=D13-1
Added Pin To Net: NetName=NetD13_1 Pin=R13-2
Added Net: Name=NetD13_1
Added Pin To Net: NetName=NetD14_1 Pin=D14-1
Added Pin To Net: NetName=NetD14_1 Pin=R14-2
Added Net: Name=NetD14_1
Added Pin To Net: NetName=NetD15_1 Pin=D15-1
Added Pin To Net: NetName=NetD15_1 Pin=U4-1
Added Net: Name=NetD15_1
Added Pin To Net: NetName=NetD15_2 Pin=D15-2
Added Pin To Net: NetName=NetD15_2 Pin=D18-2
Added Pin To Net: NetName=NetD15_2 Pin=R15-1
Added Net: Name=NetD15_2
Added Pin To Net: NetName=NetD16_1 Pin=D16-1
Added Pin To Net: NetName=NetD16_1 Pin=U5-1
Added Net: Name=NetD16_1
Added Pin To Net: NetName=NetD16_2 Pin=D16-2
Added Pin To Net: NetName=NetD16_2 Pin=D19-2
Added Pin To Net: NetName=NetD16_2 Pin=R16-1
Added Net: Name=NetD16_2
Added Pin To Net: NetName=NetD17_1 Pin=D17-1
Added Pin To Net: NetName=NetD17_1 Pin=U6-1
Added Net: Name=NetD17_1
Added Pin To Net: NetName=NetD17_2 Pin=D17-2
Added Pin To Net: NetName=NetD17_2 Pin=D20-2
Added Pin To Net: NetName=NetD17_2 Pin=R17-1
Added Net: Name=NetD17_2
Added Pin To Net: NetName=NetD21_1 Pin=D21-1
Added Pin To Net: NetName=NetD21_1 Pin=R21-2
Added Net: Name=NetD21_1
Added Pin To Net: NetName=NetD22_1 Pin=D22-1
Added Pin To Net: NetName=NetD22_1 Pin=R22-2
Added Net: Name=NetD22_1
Added Pin To Net: NetName=NetD23_1 Pin=D23-1
Added Pin To Net: NetName=NetD23_1 Pin=R23-2
Added Net: Name=NetD23_1
Added Pin To Net: NetName=NetD24_1 Pin=D24-1
Added Pin To Net: NetName=NetD24_1 Pin=R24-2
Added Net: Name=NetD24_1
Added Pin To Net: NetName=NetD25_1 Pin=D25-1
Added Pin To Net: NetName=NetD25_1 Pin=U7-1
Added Net: Name=NetD25_1
Added Pin To Net: NetName=NetD25_2 Pin=D25-2
Added Pin To Net: NetName=NetD25_2 Pin=D28-2
Added Pin To Net: NetName=NetD25_2 Pin=R25-1
Added Net: Name=NetD25_2
Added Pin To Net: NetName=NetD26_1 Pin=D26-1
Added Pin To Net: NetName=NetD26_1 Pin=U8-1
Added Net: Name=NetD26_1
Added Pin To Net: NetName=NetD26_2 Pin=D26-2
Added Pin To Net: NetName=NetD26_2 Pin=D29-2
Added Pin To Net: NetName=NetD26_2 Pin=R26-1
Added Net: Name=NetD26_2
Added Pin To Net: NetName=NetD27_1 Pin=D27-1
Added Pin To Net: NetName=NetD27_1 Pin=U9-1
Added Net: Name=NetD27_1
Added Pin To Net: NetName=NetD27_2 Pin=D27-2
Added Pin To Net: NetName=NetD27_2 Pin=D30-2
Added Pin To Net: NetName=NetD27_2 Pin=R27-1
Added Net: Name=NetD27_2
Added Pin To Net: NetName=NetD35_1 Pin=D35-1
Added Pin To Net: NetName=NetD35_1 Pin=U10-1
Added Net: Name=NetD35_1
Added Pin To Net: NetName=NetD35_2 Pin=D35-2
Added Pin To Net: NetName=NetD35_2 Pin=D40-2
Added Pin To Net: NetName=NetD35_2 Pin=R31-1
Added Net: Name=NetD35_2
Added Pin To Net: NetName=NetD36_1 Pin=D36-1
Added Pin To Net: NetName=NetD36_1 Pin=U11-1
Added Net: Name=NetD36_1
Added Pin To Net: NetName=NetD36_2 Pin=D36-2
Added Pin To Net: NetName=NetD36_2 Pin=D41-2
Added Pin To Net: NetName=NetD36_2 Pin=R32-1
Added Net: Name=NetD36_2
Added Pin To Net: NetName=NetD37_1 Pin=D37-1
Added Pin To Net: NetName=NetD37_1 Pin=U12-1
Added Net: Name=NetD37_1
Added Pin To Net: NetName=NetD37_2 Pin=D37-2
Added Pin To Net: NetName=NetD37_2 Pin=D42-2
Added Pin To Net: NetName=NetD37_2 Pin=R33-1
Added Net: Name=NetD37_2
Added Pin To Net: NetName=NetD49_1 Pin=D49-1
Added Pin To Net: NetName=NetD49_1 Pin=D51-2
Added Net: Name=NetD49_1
Added Pin To Net: NetName=NetD50_2 Pin=D50-2
Added Pin To Net: NetName=NetD50_2 Pin=L1-1
Added Pin To Net: NetName=NetD50_2 Pin=U32-1
Added Net: Name=NetD50_2
Added Pin To Net: NetName=NetR37_1 Pin=R37-1
Added Pin To Net: NetName=NetR37_1 Pin=U13-1
Added Net: Name=NetR37_1
Added Pin To Net: NetName=NetR38_1 Pin=R38-1
Added Pin To Net: NetName=NetR38_1 Pin=U14-1
Added Net: Name=NetR38_1
Added Pin To Net: NetName=NetR39_1 Pin=R39-1
Added Pin To Net: NetName=NetR39_1 Pin=R40-2
Added Pin To Net: NetName=NetR39_1 Pin=U15-3
Added Net: Name=NetR39_1
Added Pin To Net: NetName=NetR41_1 Pin=R41-1
Added Pin To Net: NetName=NetR41_1 Pin=U18-1
Added Net: Name=NetR41_1
Added Pin To Net: NetName=NetR42_1 Pin=R42-1
Added Pin To Net: NetName=NetR42_1 Pin=U19-1
Added Net: Name=NetR42_1
Added Pin To Net: NetName=NetR43_1 Pin=R43-1
Added Pin To Net: NetName=NetR43_1 Pin=R46-2
Added Pin To Net: NetName=NetR43_1 Pin=U15-5
Added Net: Name=NetR43_1
Added Pin To Net: NetName=NetR44_1 Pin=R44-1
Added Pin To Net: NetName=NetR44_1 Pin=U20-1
Added Net: Name=NetR44_1
Added Pin To Net: NetName=NetR45_1 Pin=R45-1
Added Pin To Net: NetName=NetR45_1 Pin=U21-1
Added Net: Name=NetR45_1
Added Pin To Net: NetName=NetR47_1 Pin=R47-1
Added Pin To Net: NetName=NetR47_1 Pin=U24-1
Added Net: Name=NetR47_1
Added Pin To Net: NetName=NetR48_1 Pin=R48-1
Added Pin To Net: NetName=NetR48_1 Pin=U25-1
Added Net: Name=NetR48_1
Added Pin To Net: NetName=NetR49_1 Pin=R49-1
Added Pin To Net: NetName=NetR49_1 Pin=R50-2
Added Pin To Net: NetName=NetR49_1 Pin=U15-10
Added Net: Name=NetR49_1
Added Pin To Net: NetName=NetR51_1 Pin=R51-1
Added Pin To Net: NetName=NetR51_1 Pin=U26-1
Added Net: Name=NetR51_1
Added Pin To Net: NetName=NetR52_1 Pin=R52-1
Added Pin To Net: NetName=NetR52_1 Pin=U27-1
Added Net: Name=NetR52_1
Added Pin To Net: NetName=NetR53_1 Pin=R53-1
Added Pin To Net: NetName=NetR53_1 Pin=R56-2
Added Pin To Net: NetName=NetR53_1 Pin=U15-12
Added Net: Name=NetR53_1
Added Pin To Net: NetName=NetR54_1 Pin=R54-1
Added Pin To Net: NetName=NetR54_1 Pin=U30-1
Added Net: Name=NetR54_1
Added Pin To Net: NetName=NetR55_1 Pin=R55-1
Added Pin To Net: NetName=NetR55_1 Pin=U31-1
Added Net: Name=NetR55_1
Added Pin To Net: NetName=NetR57_2 Pin=R57-2
Added Pin To Net: NetName=NetR57_2 Pin=R58-2
Added Pin To Net: NetName=NetR57_2 Pin=U32-5
Added Net: Name=NetR57_2
Added Pin To Net: NetName=PDI_CLK Pin=P12-5
Added Pin To Net: NetName=PDI_CLK Pin=U34-35
Added Net: Name=PDI_CLK
Added Pin To Net: NetName=PDI_DATA Pin=P12-1
Added Pin To Net: NetName=PDI_DATA Pin=U34-34
Added Net: Name=PDI_DATA
Added Pin To Net: NetName=S_A1 Pin=U15-1
Added Pin To Net: NetName=S_A1 Pin=U15-2
Added Net: Name=S_A1
Added Pin To Net: NetName=S_A2 Pin=U15-6
Added Pin To Net: NetName=S_A2 Pin=U15-7
Added Net: Name=S_A2
Added Pin To Net: NetName=S_A3 Pin=U15-8
Added Pin To Net: NetName=S_A3 Pin=U15-9
Added Net: Name=S_A3
Added Pin To Net: NetName=S_A4 Pin=U15-13
Added Pin To Net: NetName=S_A4 Pin=U15-14
Added Net: Name=S_A4
Added Pin To Net: NetName=S_X1 Pin=R8-1
Added Pin To Net: NetName=S_X1 Pin=U1-6
Added Net: Name=S_X1
Added Pin To Net: NetName=S_X2 Pin=R18-1
Added Pin To Net: NetName=S_X2 Pin=U4-6
Added Net: Name=S_X2
Added Pin To Net: NetName=S_X3 Pin=R28-1
Added Pin To Net: NetName=S_X3 Pin=U7-6
Added Net: Name=S_X3
Added Pin To Net: NetName=S_X4 Pin=R34-1
Added Pin To Net: NetName=S_X4 Pin=U10-6
Added Net: Name=S_X4
Added Pin To Net: NetName=S_X5 Pin=R9-1
Added Pin To Net: NetName=S_X5 Pin=U2-6
Added Net: Name=S_X5
Added Pin To Net: NetName=S_X6 Pin=R19-1
Added Pin To Net: NetName=S_X6 Pin=U5-6
Added Net: Name=S_X6
Added Pin To Net: NetName=S_X7 Pin=R29-1
Added Pin To Net: NetName=S_X7 Pin=U8-6
Added Net: Name=S_X7
Added Pin To Net: NetName=S_X8 Pin=R35-1
Added Pin To Net: NetName=S_X8 Pin=U11-6
Added Net: Name=S_X8
Added Pin To Net: NetName=S_X9 Pin=R10-1
Added Pin To Net: NetName=S_X9 Pin=U3-6
Added Net: Name=S_X9
Added Pin To Net: NetName=S_X10 Pin=R20-1
Added Pin To Net: NetName=S_X10 Pin=U6-6
Added Net: Name=S_X10
Added Pin To Net: NetName=S_X11 Pin=R30-1
Added Pin To Net: NetName=S_X11 Pin=U9-6
Added Net: Name=S_X11
Added Pin To Net: NetName=S_X12 Pin=R36-1
Added Pin To Net: NetName=S_X12 Pin=U12-6
Added Net: Name=S_X12
Added Pin To Net: NetName=S_Y1 Pin=U16-5
Added Net: Name=S_Y1
Added Pin To Net: NetName=S_Y2 Pin=U16-2
Added Net: Name=S_Y2
Added Pin To Net: NetName=S_Y3 Pin=U22-5
Added Net: Name=S_Y3
Added Pin To Net: NetName=S_Y4 Pin=U22-2
Added Net: Name=S_Y4
Added Pin To Net: NetName=S_Y5 Pin=U28-5
Added Net: Name=S_Y5
Added Pin To Net: NetName=S_Y6 Pin=U28-2
Added Net: Name=S_Y6
Added Pin To Net: NetName=S_Y7 Pin=U17-2
Added Net: Name=S_Y7
Added Pin To Net: NetName=S_Y8 Pin=U17-5
Added Net: Name=S_Y8
Added Pin To Net: NetName=S_Y9 Pin=U23-2
Added Net: Name=S_Y9
Added Pin To Net: NetName=S_Y10 Pin=U23-5
Added Net: Name=S_Y10
Added Pin To Net: NetName=S_Y11 Pin=U29-2
Added Net: Name=S_Y11
Added Pin To Net: NetName=S_Y12 Pin=U29-5
Added Net: Name=S_Y12
Added Pin To Net: NetName=SCL Pin=P13-3
Added Net: Name=SCL
Added Pin To Net: NetName=SDA Pin=P13-1
Added Net: Name=SDA
Added Pin To Net: NetName=SW_PROGRAM Pin=C8-1
Added Pin To Net: NetName=SW_PROGRAM Pin=R62-1
Added Pin To Net: NetName=SW_PROGRAM Pin=SW1-2
Added Pin To Net: NetName=SW_PROGRAM Pin=SW1-2
Added Pin To Net: NetName=SW_PROGRAM Pin=U34-13
Added Net: Name=SW_PROGRAM
Added Pin To Net: NetName=USB_DM Pin=J1-2
Added Pin To Net: NetName=USB_DM Pin=U34-26
Added Net: Name=USB_DM
Added Pin To Net: NetName=USB_DP Pin=J1-3
Added Pin To Net: NetName=USB_DP Pin=U34-27
Added Net: Name=USB_DP
Added Pin To Net: NetName=VCC Pin=C5-2
Added Pin To Net: NetName=VCC Pin=J1-1
Added Pin To Net: NetName=VCC Pin=P13-2
Added Net: Name=VCC
Added Pin To Net: NetName=X1 Pin=R3-2
Added Net: Name=X1
Added Pin To Net: NetName=X2 Pin=R15-2
Added Net: Name=X2
Added Pin To Net: NetName=X3 Pin=R25-2
Added Net: Name=X3
Added Net: Name=X4
Added Pin To Net: NetName=X5 Pin=R4-2
Added Net: Name=X5
Added Pin To Net: NetName=X6 Pin=R16-2
Added Net: Name=X6
Added Pin To Net: NetName=X7 Pin=R26-2
Added Net: Name=X7
Added Pin To Net: NetName=X8 Pin=R32-2
Added Net: Name=X8
Added Pin To Net: NetName=X9 Pin=R5-2
Added Net: Name=X9
Added Pin To Net: NetName=X10 Pin=R17-2
Added Net: Name=X10
Added Pin To Net: NetName=X11 Pin=R27-2
Added Net: Name=X11
Added Pin To Net: NetName=X12 Pin=R33-2
Added Net: Name=X12
Added Pin To Net: NetName=Y1 Pin=U13-4
Added Net: Name=Y1
Added Pin To Net: NetName=Y2 Pin=U18-4
Added Net: Name=Y2
Added Pin To Net: NetName=Y3 Pin=U20-4
Added Net: Name=Y3
Added Pin To Net: NetName=Y4 Pin=U24-4
Added Net: Name=Y4
Added Pin To Net: NetName=Y5 Pin=U26-4
Added Net: Name=Y5
Added Pin To Net: NetName=Y6 Pin=U30-4
Added Net: Name=Y6
Added Pin To Net: NetName=Y7 Pin=U14-4
Added Net: Name=Y7
Added Pin To Net: NetName=Y8 Pin=U19-4
Added Net: Name=Y8
Added Pin To Net: NetName=Y9 Pin=U21-4
Added Net: Name=Y9
Added Pin To Net: NetName=Y10 Pin=U25-4
Added Net: Name=Y10
Added Pin To Net: NetName=Y11 Pin=U27-4
Added Net: Name=Y11
Added Pin To Net: NetName=Y12 Pin=U31-4
Added Net: Name=Y12
Added Class: Name=DSDPLC_IO
Added Class: Name=DSDPLC_MCU
Added Room: Name=DSDPLC_IO
Added Room: Name=DSDPLC_MCU
