Change Physical Footprint: Designator=C1 Old Footprint=C_TANT_A_3216_N New Footprint=C_TANT_A_3216_N
Change Physical Footprint: Designator=C2 Old Footprint=C_TANT_A_3216_N New Footprint=C_TANT_A_3216_N
Change Physical Footprint: Designator=C3 Old Footprint=C0603_N New Footprint=C0603_N
Change Physical Footprint: Designator=C4 Old Footprint=C0603_N New Footprint=C0603_N
Change Physical Footprint: Designator=C5 Old Footprint=C0603_N New Footprint=C0603_N
Change Physical Footprint: Designator=C6 Old Footprint=C0603_N New Footprint=C0603_N
Change Physical Footprint: Designator=C7 Old Footprint=C0603_N New Footprint=C0603_N
Change Physical Footprint: Designator=D1 Old Footprint=R0603_N New Footprint=R0603_N
Change Physical Footprint: Designator=D2 Old Footprint=R0603_N New Footprint=R0603_N
Change Physical Footprint: Designator=D3 Old Footprint=SMB_N New Footprint=SMB_N
Change Physical Footprint: Designator=D4 Old Footprint=SMB_N New Footprint=SMB_N
Change Physical Footprint: Designator=D5 Old Footprint=SMB_N New Footprint=SMB_N
Change Physical Footprint: Designator=D6 Old Footprint=R0603_N New Footprint=R0603_N
Change Physical Footprint: Designator=D7 Old Footprint=R0603_N New Footprint=R0603_N
Change Physical Footprint: Designator=D8 Old Footprint=SOD-80_N New Footprint=SOD-80_N
Change Physical Footprint: Designator=D9 Old Footprint=SOD-80_N New Footprint=SOD-80_N
Change Physical Footprint: Designator=D10 Old Footprint=SOD-80_N New Footprint=SOD-80_N
Change Physical Footprint: Designator=D11 Old Footprint=R0603_N New Footprint=R0603_N
Change Physical Footprint: Designator=D12 Old Footprint=R0603_N New Footprint=R0603_N
Change Physical Footprint: Designator=D13 Old Footprint=R0603_N New Footprint=R0603_N
Change Physical Footprint: Designator=D14 Old Footprint=R0603_N New Footprint=R0603_N
Change Physical Footprint: Designator=D15 Old Footprint=SMB_N New Footprint=SMB_N
Change Physical Footprint: Designator=D16 Old Footprint=SMB_N New Footprint=SMB_N
Change Physical Footprint: Designator=D17 Old Footprint=SMB_N New Footprint=SMB_N
Change Physical Footprint: Designator=D18 Old Footprint=SOD-80_N New Footprint=SOD-80_N
Change Physical Footprint: Designator=D19 Old Footprint=SOD-80_N New Footprint=SOD-80_N
Change Physical Footprint: Designator=D20 Old Footprint=SOD-80_N New Footprint=SOD-80_N
Change Physical Footprint: Designator=D21 Old Footprint=R0603_N New Footprint=R0603_N
Change Physical Footprint: Designator=D22 Old Footprint=R0603_N New Footprint=R0603_N
Change Physical Footprint: Designator=D23 Old Footprint=R0603_N New Footprint=R0603_N
Change Physical Footprint: Designator=D24 Old Footprint=R0603_N New Footprint=R0603_N
Change Physical Footprint: Designator=D25 Old Footprint=SMB_N New Footprint=SMB_N
Change Physical Footprint: Designator=D26 Old Footprint=SMB_N New Footprint=SMB_N
Change Physical Footprint: Designator=D27 Old Footprint=SMB_N New Footprint=SMB_N
Change Physical Footprint: Designator=D28 Old Footprint=SOD-80_N New Footprint=SOD-80_N
Change Physical Footprint: Designator=D29 Old Footprint=SOD-80_N New Footprint=SOD-80_N
Change Physical Footprint: Designator=D30 Old Footprint=SOD-80_N New Footprint=SOD-80_N
Change Physical Footprint: Designator=D31 Old Footprint=R0603_N New Footprint=R0603_N
Change Physical Footprint: Designator=D32 Old Footprint=R0603_N New Footprint=R0603_N
Change Physical Footprint: Designator=D33 Old Footprint=R0603_N New Footprint=R0603_N
Change Physical Footprint: Designator=D34 Old Footprint=R0603_N New Footprint=R0603_N
Change Physical Footprint: Designator=D35 Old Footprint=SMB_N New Footprint=SMB_N
Change Physical Footprint: Designator=D36 Old Footprint=SMB_N New Footprint=SMB_N
Change Physical Footprint: Designator=D37 Old Footprint=SMB_N New Footprint=SMB_N
Change Physical Footprint: Designator=D38 Old Footprint=R0603_N New Footprint=R0603_N
Change Physical Footprint: Designator=D39 Old Footprint=R0603_N New Footprint=R0603_N
Change Physical Footprint: Designator=D40 Old Footprint=SOD-80_N New Footprint=SOD-80_N
Change Physical Footprint: Designator=D41 Old Footprint=SOD-80_N New Footprint=SOD-80_N
Change Physical Footprint: Designator=D42 Old Footprint=SOD-80_N New Footprint=SOD-80_N
Change Physical Footprint: Designator=D43 Old Footprint=R0603_N New Footprint=R0603_N
Change Physical Footprint: Designator=D44 Old Footprint=R0603_N New Footprint=R0603_N
Change Physical Footprint: Designator=D45 Old Footprint=R0603_N New Footprint=R0603_N
Change Physical Footprint: Designator=D46 Old Footprint=R0603_N New Footprint=R0603_N
Change Physical Footprint: Designator=D47 Old Footprint=R0603_N New Footprint=R0603_N
Change Physical Footprint: Designator=D48 Old Footprint=R0603_N New Footprint=R0603_N
Change Physical Footprint: Designator=D49 Old Footprint=R0603_N New Footprint=R0603_N
Change Physical Footprint: Designator=D50 Old Footprint=SMB_N New Footprint=SMB_N
Change Physical Footprint: Designator=D51 Old Footprint=SMB_N New Footprint=SMB_N
Change Physical Footprint: Designator=D52 Old Footprint=SMB_N New Footprint=SMB_N
Change Physical Footprint: Designator=F1 Old Footprint=R1206_N New Footprint=R1206_N
Change Physical Footprint: Designator=J1 Old Footprint=USB_MICRO_SMD New Footprint=USB_MICRO_SMD
Change Physical Footprint: Designator=J2 Old Footprint=rj45 New Footprint=rj45
Change Physical Footprint: Designator=LOGO1 Old Footprint=DeepSea_logo1 New Footprint=DeepSea_logo1
Change Physical Footprint: Designator=M1 Old Footprint=R0603_N New Footprint=R0603_N
Change Physical Footprint: Designator=M2 Old Footprint=MoutingHole-1/8in New Footprint=MoutingHole-1/8in
Change Physical Footprint: Designator=M3 Old Footprint=MoutingHole-1/8in New Footprint=MoutingHole-1/8in
Change Physical Footprint: Designator=P1 Old Footprint=block_conn 2 x 2 New Footprint=block_conn 2 x 2
Change Physical Footprint: Designator=P2 Old Footprint=block_conn 2 x 2 New Footprint=block_conn 2 x 2
Change Physical Footprint: Designator=P3 Old Footprint=block_conn 2 x 2 New Footprint=block_conn 2 x 2
Change Physical Footprint: Designator=P4 Old Footprint=block_conn 2 x 2 New Footprint=block_conn 2 x 2
Change Physical Footprint: Designator=P5 Old Footprint=block_conn 2 x 2 New Footprint=block_conn 2 x 2
Change Physical Footprint: Designator=P6 Old Footprint=block_conn 2 x 2 New Footprint=block_conn 2 x 2
Change Physical Footprint: Designator=P7 Old Footprint=block_conn 2 x 3 New Footprint=block_conn 2 x 3
Change Physical Footprint: Designator=P8 Old Footprint=block_conn 2 x 2 New Footprint=block_conn 2 x 2
Change Physical Footprint: Designator=P9 Old Footprint=block_conn 2 x 3 New Footprint=block_conn 2 x 3
Change Physical Footprint: Designator=P10 Old Footprint=HDR1X2 New Footprint=HDR1X2
Change Physical Footprint: Designator=P11 Old Footprint=HDR2X3 New Footprint=HDR2X3
Change Physical Footprint: Designator=R1 Old Footprint=R0603_N New Footprint=R0603_N
Change Physical Footprint: Designator=R2 Old Footprint=R0603_N New Footprint=R0603_N
Change Physical Footprint: Designator=R3 Old Footprint=R0603_N New Footprint=R0603_N
Change Physical Footprint: Designator=R4 Old Footprint=R0603_N New Footprint=R0603_N
Change Physical Footprint: Designator=R5 Old Footprint=R0603_N New Footprint=R0603_N
Change Physical Footprint: Designator=R6 Old Footprint=R0603_N New Footprint=R0603_N
Change Physical Footprint: Designator=R7 Old Footprint=R0603_N New Footprint=R0603_N
Change Physical Footprint: Designator=R8 Old Footprint=R0603_N New Footprint=R0603_N
Change Physical Footprint: Designator=R9 Old Footprint=R0603_N New Footprint=R0603_N
Change Physical Footprint: Designator=R10 Old Footprint=R0603_N New Footprint=R0603_N
Change Physical Footprint: Designator=R11 Old Footprint=R0603_N New Footprint=R0603_N
Change Physical Footprint: Designator=R12 Old Footprint=R0603_N New Footprint=R0603_N
Change Physical Footprint: Designator=R13 Old Footprint=R0603_N New Footprint=R0603_N
Change Physical Footprint: Designator=R14 Old Footprint=R0603_N New Footprint=R0603_N
Change Physical Footprint: Designator=R15 Old Footprint=R0603_N New Footprint=R0603_N
Change Physical Footprint: Designator=R16 Old Footprint=R0603_N New Footprint=R0603_N
Change Physical Footprint: Designator=R17 Old Footprint=R0603_N New Footprint=R0603_N
Change Physical Footprint: Designator=R18 Old Footprint=R0603_N New Footprint=R0603_N
Change Physical Footprint: Designator=R19 Old Footprint=R0603_N New Footprint=R0603_N
Change Physical Footprint: Designator=R20 Old Footprint=R0603_N New Footprint=R0603_N
Change Physical Footprint: Designator=R21 Old Footprint=R0603_N New Footprint=R0603_N
Change Physical Footprint: Designator=R22 Old Footprint=R0603_N New Footprint=R0603_N
Change Physical Footprint: Designator=R23 Old Footprint=R0603_N New Footprint=R0603_N
Change Physical Footprint: Designator=R24 Old Footprint=R0603_N New Footprint=R0603_N
Change Physical Footprint: Designator=R25 Old Footprint=R0603_N New Footprint=R0603_N
Change Physical Footprint: Designator=R26 Old Footprint=R0603_N New Footprint=R0603_N
Change Physical Footprint: Designator=R27 Old Footprint=R0603_N New Footprint=R0603_N
Change Physical Footprint: Designator=R28 Old Footprint=R0603_N New Footprint=R0603_N
Change Physical Footprint: Designator=R29 Old Footprint=R0603_N New Footprint=R0603_N
Change Physical Footprint: Designator=R30 Old Footprint=R0603_N New Footprint=R0603_N
Change Physical Footprint: Designator=R31 Old Footprint=R0603_N New Footprint=R0603_N
Change Physical Footprint: Designator=R32 Old Footprint=R0603_N New Footprint=R0603_N
Change Physical Footprint: Designator=R33 Old Footprint=R0603_N New Footprint=R0603_N
Change Physical Footprint: Designator=R34 Old Footprint=R0603_N New Footprint=R0603_N
Change Physical Footprint: Designator=R35 Old Footprint=R0603_N New Footprint=R0603_N
Change Physical Footprint: Designator=R36 Old Footprint=R0603_N New Footprint=R0603_N
Change Physical Footprint: Designator=R37 Old Footprint=R0603_N New Footprint=R0603_N
Change Physical Footprint: Designator=R38 Old Footprint=R0603_N New Footprint=R0603_N
Change Physical Footprint: Designator=R39 Old Footprint=R0603_N New Footprint=R0603_N
Change Physical Footprint: Designator=R40 Old Footprint=R0603_N New Footprint=R0603_N
Change Physical Footprint: Designator=R41 Old Footprint=R0603_N New Footprint=R0603_N
Change Physical Footprint: Designator=R42 Old Footprint=R0603_N New Footprint=R0603_N
Change Physical Footprint: Designator=R43 Old Footprint=R0603_N New Footprint=R0603_N
Change Physical Footprint: Designator=R44 Old Footprint=R0603_N New Footprint=R0603_N
Change Physical Footprint: Designator=R45 Old Footprint=R0603_N New Footprint=R0603_N
Change Physical Footprint: Designator=R46 Old Footprint=R0603_N New Footprint=R0603_N
Change Physical Footprint: Designator=R47 Old Footprint=R0603_N New Footprint=R0603_N
Change Physical Footprint: Designator=R48 Old Footprint=R0603_N New Footprint=R0603_N
Change Physical Footprint: Designator=R49 Old Footprint=R0603_N New Footprint=R0603_N
Change Physical Footprint: Designator=R50 Old Footprint=R0603_N New Footprint=R0603_N
Change Physical Footprint: Designator=R51 Old Footprint=R0603_N New Footprint=R0603_N
Change Physical Footprint: Designator=R52 Old Footprint=R0603_N New Footprint=R0603_N
Change Physical Footprint: Designator=SW1 Old Footprint=swich_foot New Footprint=swich_foot
Change Physical Footprint: Designator=U1 Old Footprint=SOIC6 (4 leads) New Footprint=SOIC6 (4 leads)
Change Physical Footprint: Designator=U2 Old Footprint=SOIC6 (4 leads) New Footprint=SOIC6 (4 leads)
Change Physical Footprint: Designator=U3 Old Footprint=SOIC6 (4 leads) New Footprint=SOIC6 (4 leads)
Change Physical Footprint: Designator=U4 Old Footprint=SOIC6 (4 leads) New Footprint=SOIC6 (4 leads)
Change Physical Footprint: Designator=U5 Old Footprint=SOIC6 (4 leads) New Footprint=SOIC6 (4 leads)
Change Physical Footprint: Designator=U6 Old Footprint=SOIC6 (4 leads) New Footprint=SOIC6 (4 leads)
Change Physical Footprint: Designator=U7 Old Footprint=SOIC6 (4 leads) New Footprint=SOIC6 (4 leads)
Change Physical Footprint: Designator=U8 Old Footprint=SOIC6 (4 leads) New Footprint=SOIC6 (4 leads)
Change Physical Footprint: Designator=U9 Old Footprint=SOIC6 (4 leads) New Footprint=SOIC6 (4 leads)
Change Physical Footprint: Designator=U10 Old Footprint=SOIC6 (4 leads) New Footprint=SOIC6 (4 leads)
Change Physical Footprint: Designator=U11 Old Footprint=SOIC6 (4 leads) New Footprint=SOIC6 (4 leads)
Change Physical Footprint: Designator=U12 Old Footprint=SOIC6 (4 leads) New Footprint=SOIC6 (4 leads)
Change Physical Footprint: Designator=U13 Old Footprint=SOP4_N New Footprint=SOP4_N
Change Physical Footprint: Designator=U14 Old Footprint=SOP4_N New Footprint=SOP4_N
Change Physical Footprint: Designator=U15 Old Footprint=SOT363_N New Footprint=SOT363_N
Change Physical Footprint: Designator=U16 Old Footprint=SOT363_N New Footprint=SOT363_N
Change Physical Footprint: Designator=U17 Old Footprint=SOP4_N New Footprint=SOP4_N
Change Physical Footprint: Designator=U18 Old Footprint=SOP4_N New Footprint=SOP4_N
Change Physical Footprint: Designator=U19 Old Footprint=SOP4_N New Footprint=SOP4_N
Change Physical Footprint: Designator=U20 Old Footprint=SOP4_N New Footprint=SOP4_N
Change Physical Footprint: Designator=U21 Old Footprint=SOT363_N New Footprint=SOT363_N
Change Physical Footprint: Designator=U22 Old Footprint=SOT363_N New Footprint=SOT363_N
Change Physical Footprint: Designator=U23 Old Footprint=SOP4_N New Footprint=SOP4_N
Change Physical Footprint: Designator=U24 Old Footprint=SOP4_N New Footprint=SOP4_N
Change Physical Footprint: Designator=U25 Old Footprint=SOP4_N New Footprint=SOP4_N
Change Physical Footprint: Designator=U26 Old Footprint=SOP4_N New Footprint=SOP4_N
Change Physical Footprint: Designator=U27 Old Footprint=SOT363_N New Footprint=SOT363_N
Change Physical Footprint: Designator=U28 Old Footprint=SOT363_N New Footprint=SOT363_N
Change Physical Footprint: Designator=U29 Old Footprint=SOP4_N New Footprint=SOP4_N
Change Physical Footprint: Designator=U30 Old Footprint=SOP4_N New Footprint=SOP4_N
Change Physical Footprint: Designator=U31 Old Footprint=SIP3_RECOM New Footprint=SIP3_RECOM
Change Physical Footprint: Designator=U32 Old Footprint=MP04A_N New Footprint=MP04A_N
Change Physical Footprint: Designator=U33 Old Footprint=44A_N New Footprint=44A_N
Change Physical Footprint: Designator=U34 Old Footprint=SOT457_N New Footprint=SOT457_N
Change Physical Footprint: Designator=U35 Old Footprint=SOIC8WA_N New Footprint=SOIC8WA_N
