Change Component Designator: Old Designator=D4 New Designator=D1
Change Component Designator: Old Designator=D4 New Designator=D2
Change Component Designator: Old Designator=D4 New Designator=D6
Change Component Designator: Old Designator=D4 New Designator=D7
Change Component Designator: Old Designator=D4 New Designator=D11
Change Component Designator: Old Designator=D4 New Designator=D12
Change Component Designator: Old Designator=D4 New Designator=D13
Change Component Designator: Old Designator=D4 New Designator=D14
Change Component Designator: Old Designator=D4 New Designator=D21
Change Component Designator: Old Designator=D4 New Designator=D22
Change Component Designator: Old Designator=D4 New Designator=D23
Change Component Designator: Old Designator=D4 New Designator=D24
Change Component Designator: Old Designator=D4 New Designator=D31
Change Component Designator: Old Designator=D4 New Designator=D32
Change Component Designator: Old Designator=D4 New Designator=D33
Change Component Designator: Old Designator=D4 New Designator=D34
Change Component Designator: Old Designator=D4 New Designator=D38
Change Component Designator: Old Designator=D4 New Designator=D39
Change Component Designator: Old Designator=D4 New Designator=D43
Change Component Designator: Old Designator=D4 New Designator=D44
Change Component Designator: Old Designator=D4 New Designator=D45
Change Component Designator: Old Designator=D4 New Designator=D46
Change Component Designator: Old Designator=D4 New Designator=D47
Change Component Designator: Old Designator=D4 New Designator=D48
Change Component Designator: Old Designator=D? New Designator=D3
Change Component Designator: Old Designator=D? New Designator=D4
Change Component Designator: Old Designator=D? New Designator=D5
Change Component Designator: Old Designator=D? New Designator=D8
Change Component Designator: Old Designator=D? New Designator=D9
Change Component Designator: Old Designator=D? New Designator=D10
Change Component Designator: Old Designator=D? New Designator=D15
Change Component Designator: Old Designator=D? New Designator=D16
Change Component Designator: Old Designator=D? New Designator=D17
Change Component Designator: Old Designator=D? New Designator=D18
Change Component Designator: Old Designator=D? New Designator=D19
Change Component Designator: Old Designator=D? New Designator=D20
Change Component Designator: Old Designator=D? New Designator=D25
Change Component Designator: Old Designator=D? New Designator=D26
Change Component Designator: Old Designator=D? New Designator=D27
Change Component Designator: Old Designator=D? New Designator=D28
Change Component Designator: Old Designator=D? New Designator=D29
Change Component Designator: Old Designator=D? New Designator=D30
Change Component Designator: Old Designator=D? New Designator=D35
Change Component Designator: Old Designator=D? New Designator=D36
Change Component Designator: Old Designator=D? New Designator=D37
Change Component Designator: Old Designator=D? New Designator=D40
Change Component Designator: Old Designator=D? New Designator=D41
Change Component Designator: Old Designator=D? New Designator=D42
Change Component Designator: Old Designator=P? New Designator=P1
Change Component Designator: Old Designator=P? New Designator=P2
Change Component Designator: Old Designator=P? New Designator=P3
Change Component Designator: Old Designator=P? New Designator=P4
Change Component Designator: Old Designator=P? New Designator=P5
Change Component Designator: Old Designator=P? New Designator=P6
Change Component Designator: Old Designator=P? New Designator=P7
Change Component Designator: Old Designator=P? New Designator=P8
Change Component Designator: Old Designator=P? New Designator=P9
Change Component Designator: Old Designator=P? New Designator=P10
Change Component Designator: Old Designator=R2 New Designator=R39
Change Component Designator: Old Designator=R3 New Designator=R49
Change Component Designator: Old Designator=R5 New Designator=R40
Change Component Designator: Old Designator=R6 New Designator=R50
Change Component Designator: Old Designator=R9 New Designator=R43
Change Component Designator: Old Designator=R10 New Designator=R53
Change Component Designator: Old Designator=R12 New Designator=R46
Change Component Designator: Old Designator=R13 New Designator=R56
Change Component Designator: Old Designator=R14 New Designator=R1
Change Component Designator: Old Designator=R14 New Designator=R2
Change Component Designator: Old Designator=R14 New Designator=R6
Change Component Designator: Old Designator=R14 New Designator=R7
Change Component Designator: Old Designator=R14 New Designator=R11
Change Component Designator: Old Designator=R14 New Designator=R12
Change Component Designator: Old Designator=R14 New Designator=R13
Change Component Designator: Old Designator=R14 New Designator=R21
Change Component Designator: Old Designator=R14 New Designator=R22
Change Component Designator: Old Designator=R14 New Designator=R23
Change Component Designator: Old Designator=R14 New Designator=R24
Change Component Designator: Old Designator=R15 New Designator=R37
Change Component Designator: Old Designator=R16 New Designator=R3
Change Component Designator: Old Designator=R16 New Designator=R4
Change Component Designator: Old Designator=R16 New Designator=R5
Change Component Designator: Old Designator=R16 New Designator=R8
Change Component Designator: Old Designator=R16 New Designator=R9
Change Component Designator: Old Designator=R16 New Designator=R10
Change Component Designator: Old Designator=R16 New Designator=R15
Change Component Designator: Old Designator=R16 New Designator=R17
Change Component Designator: Old Designator=R16 New Designator=R18
Change Component Designator: Old Designator=R16 New Designator=R19
Change Component Designator: Old Designator=R16 New Designator=R20
Change Component Designator: Old Designator=R16 New Designator=R25
Change Component Designator: Old Designator=R16 New Designator=R26
Change Component Designator: Old Designator=R16 New Designator=R27
Change Component Designator: Old Designator=R16 New Designator=R28
Change Component Designator: Old Designator=R16 New Designator=R29
Change Component Designator: Old Designator=R16 New Designator=R30
Change Component Designator: Old Designator=R16 New Designator=R31
Change Component Designator: Old Designator=R16 New Designator=R32
Change Component Designator: Old Designator=R16 New Designator=R33
Change Component Designator: Old Designator=R16 New Designator=R34
Change Component Designator: Old Designator=R16 New Designator=R35
Change Component Designator: Old Designator=R16 New Designator=R36
Change Component Designator: Old Designator=R16 New Designator=R38
Change Component Designator: Old Designator=R17 New Designator=R41
Change Component Designator: Old Designator=R18 New Designator=R42
Change Component Designator: Old Designator=R19 New Designator=R44
Change Component Designator: Old Designator=R20 New Designator=R45
Change Component Designator: Old Designator=R21 New Designator=R47
Change Component Designator: Old Designator=R22 New Designator=R48
Change Component Designator: Old Designator=R23 New Designator=R51
Change Component Designator: Old Designator=R24 New Designator=R52
Change Component Designator: Old Designator=R25 New Designator=R54
Change Component Designator: Old Designator=R26 New Designator=R55
Change Component Designator: Old Designator=U2 New Designator=U15
Change Component Designator: Old Designator=U2 New Designator=U15
Change Component Part ID : Designator=U15 Old Part ID =2 New Part ID =3
Change Component Designator: Old Designator=U2 New Designator=U15
Change Component Part ID : Designator=U15 Old Part ID =3 New Part ID =2
Change Component Designator: Old Designator=U2 New Designator=U15
Change Component Designator: Old Designator=U4 New Designator=U1
Change Component Designator: Old Designator=U4 New Designator=U2
Change Component Designator: Old Designator=U4 New Designator=U3
Change Component Designator: Old Designator=U4 New Designator=U5
Change Component Designator: Old Designator=U4 New Designator=U6
Change Component Designator: Old Designator=U4 New Designator=U7
Change Component Designator: Old Designator=U4 New Designator=U8
Change Component Designator: Old Designator=U4 New Designator=U9
Change Component Designator: Old Designator=U4 New Designator=U10
Change Component Designator: Old Designator=U4 New Designator=U11
Change Component Designator: Old Designator=U4 New Designator=U12
Change Component Designator: Old Designator=U6 New Designator=U13
Change Component Designator: Old Designator=U7 New Designator=U14
Change Component Designator: Old Designator=U8 New Designator=U16
Change Component Designator: Old Designator=U9 New Designator=U17
Change Component Designator: Old Designator=U10 New Designator=U18
Change Component Designator: Old Designator=U11 New Designator=U19
Change Component Designator: Old Designator=U12 New Designator=U20
Change Component Designator: Old Designator=U13 New Designator=U21
Change Component Designator: Old Designator=U14 New Designator=U22
Change Component Designator: Old Designator=U15 New Designator=U23
Change Component Designator: Old Designator=U16 New Designator=U24
Change Component Designator: Old Designator=U17 New Designator=U25
Change Component Designator: Old Designator=U18 New Designator=U26
Change Component Designator: Old Designator=U19 New Designator=U27
Change Component Designator: Old Designator=U20 New Designator=U28
Change Component Designator: Old Designator=U21 New Designator=U29
Change Component Designator: Old Designator=U22 New Designator=U30
Change Component Designator: Old Designator=U23 New Designator=U31
