Change Component Designator: Old Designator=C4 New Designator=C5
Change Component Designator: Old Designator=C5 New Designator=C6
Change Component Designator: Old Designator=C5 New Designator=C8
Change Component Designator: Old Designator=C6 New Designator=C7
Change Component Designator: Old Designator=C7 New Designator=C9
Change Component Designator: Old Designator=C8 New Designator=C10
Change Component Designator: Old Designator=C9 New Designator=C11
Change Component Designator: Old Designator=D1 New Designator=D49
Change Component Designator: Old Designator=D3 New Designator=D51
Change Component Designator: Old Designator=D? New Designator=D50
Change Component Designator: Old Designator=P1 New Designator=P11
Change Component Designator: Old Designator=P3 New Designator=P12
Change Component Designator: Old Designator=P6 New Designator=P13
Change Component Designator: Old Designator=P? New Designator=P14
Change Component Designator: Old Designator=R1 New Designator=R57
Change Component Designator: Old Designator=R4 New Designator=R58
Change Component Designator: Old Designator=R4 New Designator=R62
Change Component Designator: Old Designator=R7 New Designator=R59
Change Component Designator: Old Designator=R8 New Designator=R60
Change Component Designator: Old Designator=R11 New Designator=R61
Change Component Designator: Old Designator=U1 New Designator=U32
Change Component Designator: Old Designator=U3 New Designator=U33
Change Component Designator: Old Designator=U5 New Designator=U35
Change Component Designator: Old Designator=U24 New Designator=U34
