Added Component: Designator=D1(SMB_L)
Added Component: Designator=D2(SMC_L)
Added Component: Designator=D3(SMB_L)
Added Component: Designator=D4(R0603_L)
Added Component: Designator=D5(SMB_L)
Added Component: Designator=D6(SMB_L)
Added Component: Designator=D7(SMB_L)
Added Component: Designator=D8(SMB_L)
Added Component: Designator=D9(SMB_L)
Added Component: Designator=D10(SMB_L)
Added Component: Designator=D11(SMB_L)
Added Component: Designator=D12(SMB_L)
Added Component: Designator=D13(SMB_L)
Added Component: Designator=D14(SMB_L)
Added Component: Designator=D15(SMB_L)
Added Component: Designator=D16(SMB_L)
Added Component: Designator=J1(USB MICRO)
Added Component: Designator=L1(WW_IND_L)
Added Component: Designator=P1(HDR1X2)
Added Component: Designator=R1(R0603_N)
Added Component: Designator=R2(R0603_N)
Added Component: Designator=R3(R0603_N)
Added Component: Designator=R4(R0603_N)
Added Component: Designator=R5(R0603_N)
Added Component: Designator=R6(R0603_N)
Added Component: Designator=R7(R0603_N)
Added Component: Designator=R8(R0603_N)
Added Component: Designator=R9(R0603_N)
Added Component: Designator=R10(R0603_N)
Added Component: Designator=R11(R0603_N)
Added Component: Designator=R12(R0603_N)
Added Component: Designator=R13(R0603_N)
Added Component: Designator=R14(R0603_N)
Added Component: Designator=R15(R0603_N)
Added Component: Designator=R16(R0603_N)
Added Component: Designator=R17(R0603_N)
Added Component: Designator=R18(R0603_N)
Added Component: Designator=R19(R0603_N)
Added Component: Designator=R20(R0603_N)
Added Component: Designator=R21(R0603_N)
Added Component: Designator=R22(R0603_N)
Added Component: Designator=R23(R0603_N)
Added Component: Designator=R24(R0603_N)
Added Component: Designator=R25(R0603_N)
Added Component: Designator=R26(R0603_N)
Added Component: Designator=U1(HSOIC-8_L)
Added Component: Designator=U2(751A-03_N)
Added Component: Designator=U3(MP04A_N)
Added Component: Designator=U4(SOIC6 (4 leads))
Added Component: Designator=U5(SOIC8WA_N)
Added Component: Designator=U6(SOP4_N)
Added Component: Designator=U7(SOP4_N)
Added Component: Designator=U8(SOT363_L)
Added Component: Designator=U9(SOT363_L)
Added Component: Designator=U10(SOP4_N)
Added Component: Designator=U11(SOP4_N)
Added Component: Designator=U12(SOP4_N)
Added Component: Designator=U13(SOP4_N)
Added Component: Designator=U14(SOT363_L)
Added Component: Designator=U15(SOT363_L)
Added Component: Designator=U16(SOP4_N)
Added Component: Designator=U17(SOP4_N)
Added Component: Designator=U18(SOP4_N)
Added Component: Designator=U19(SOP4_N)
Added Component: Designator=U20(SOT363_L)
Added Component: Designator=U21(SOT363_L)
Added Component: Designator=U22(SOP4_N)
Added Component: Designator=U23(SOP4_N)
Added Component: Designator=U24(44A_M)
Added Pin To Net: NetName=3V3 Pin=C6-1
Added Pin To Net: NetName=3V3 Pin=C7-2
Added Pin To Net: NetName=3V3 Pin=C8-2
Added Pin To Net: NetName=3V3 Pin=C9-2
Added Pin To Net: NetName=3V3 Pin=U2-4
Added Pin To Net: NetName=3V3 Pin=U3-2
Added Pin To Net: NetName=3V3 Pin=U3-4
Added Pin To Net: NetName=3V3 Pin=U24-9
Added Pin To Net: NetName=3V3 Pin=U24-19
Added Pin To Net: NetName=3V3 Pin=U24-31
Added Pin To Net: NetName=3V3 Pin=U24-39
Added Net: Name=3V3
Added Pin To Net: NetName=5V Pin=C1-1
Added Pin To Net: NetName=5V Pin=L1-2
Added Pin To Net: NetName=5V Pin=R1-1
Added Pin To Net: NetName=5V Pin=R8-2
Added Pin To Net: NetName=5V Pin=R11-2
Added Pin To Net: NetName=5V Pin=R14-1
Added Pin To Net: NetName=5V Pin=R15-2
Added Pin To Net: NetName=5V Pin=R16-2
Added Pin To Net: NetName=5V Pin=R17-2
Added Pin To Net: NetName=5V Pin=R18-2
Added Pin To Net: NetName=5V Pin=R19-2
Added Pin To Net: NetName=5V Pin=R20-2
Added Pin To Net: NetName=5V Pin=R21-2
Added Pin To Net: NetName=5V Pin=R22-2
Added Pin To Net: NetName=5V Pin=R23-2
Added Pin To Net: NetName=5V Pin=R24-2
Added Pin To Net: NetName=5V Pin=R25-2
Added Pin To Net: NetName=5V Pin=R26-2
Added Net: Name=5V
Added Pin To Net: NetName=A_1 Pin=R2-2
Added Net: Name=A_1
Added Pin To Net: NetName=A_2 Pin=R9-2
Added Net: Name=A_2
Added Pin To Net: NetName=A_3 Pin=R3-2
Added Net: Name=A_3
Added Pin To Net: NetName=A_4 Pin=R10-2
Added Net: Name=A_4
Added Pin To Net: NetName=BT_RX Pin=U24-22
Added Net: Name=BT_RX
Added Pin To Net: NetName=BT_TX Pin=U24-23
Added Net: Name=BT_TX
Added Pin To Net: NetName=COM1 Pin=D5-1
Added Pin To Net: NetName=COM1 Pin=U6-3
Added Net: Name=COM1
Added Pin To Net: NetName=COM2 Pin=D7-1
Added Pin To Net: NetName=COM2 Pin=U10-3
Added Net: Name=COM2
Added Pin To Net: NetName=COM3 Pin=D9-1
Added Pin To Net: NetName=COM3 Pin=U12-3
Added Net: Name=COM3
Added Pin To Net: NetName=COM4 Pin=D11-1
Added Pin To Net: NetName=COM4 Pin=U16-3
Added Net: Name=COM4
Added Pin To Net: NetName=COM5 Pin=D13-1
Added Pin To Net: NetName=COM5 Pin=U18-3
Added Net: Name=COM5
Added Pin To Net: NetName=COM6 Pin=D15-1
Added Pin To Net: NetName=COM6 Pin=U22-3
Added Net: Name=COM6
Added Pin To Net: NetName=COMM Pin=D6-1
Added Pin To Net: NetName=COMM Pin=D8-1
Added Pin To Net: NetName=COMM Pin=D12-1
Added Pin To Net: NetName=COMM Pin=D14-1
Added Pin To Net: NetName=COMM Pin=D16-1
Added Pin To Net: NetName=COMM Pin=U7-3
Added Pin To Net: NetName=COMM Pin=U11-3
Added Pin To Net: NetName=COMM Pin=U17-3
Added Pin To Net: NetName=COMM Pin=U19-3
Added Pin To Net: NetName=COMM Pin=U23-3
Added Net: Name=COMM
Added Pin To Net: NetName=GND Pin=C1-2
Added Pin To Net: NetName=GND Pin=C2-1
Added Pin To Net: NetName=GND Pin=C4-1
Added Pin To Net: NetName=GND Pin=C5-2
Added Pin To Net: NetName=GND Pin=C6-2
Added Pin To Net: NetName=GND Pin=C7-1
Added Pin To Net: NetName=GND Pin=C8-1
Added Pin To Net: NetName=GND Pin=C9-1
Added Pin To Net: NetName=GND Pin=D2-1
Added Pin To Net: NetName=GND Pin=D3-1
Added Pin To Net: NetName=GND Pin=R4-1
Added Pin To Net: NetName=GND Pin=R7-1
Added Pin To Net: NetName=GND Pin=U1-3
Added Pin To Net: NetName=GND Pin=U1-7
Added Pin To Net: NetName=GND Pin=U1-9
Added Pin To Net: NetName=GND Pin=U3-1
Added Pin To Net: NetName=GND Pin=U8-1
Added Pin To Net: NetName=GND Pin=U8-4
Added Pin To Net: NetName=GND Pin=U9-1
Added Pin To Net: NetName=GND Pin=U9-4
Added Pin To Net: NetName=GND Pin=U14-1
Added Pin To Net: NetName=GND Pin=U14-4
Added Pin To Net: NetName=GND Pin=U15-1
Added Pin To Net: NetName=GND Pin=U15-4
Added Pin To Net: NetName=GND Pin=U20-1
Added Pin To Net: NetName=GND Pin=U20-4
Added Pin To Net: NetName=GND Pin=U21-1
Added Pin To Net: NetName=GND Pin=U21-4
Added Pin To Net: NetName=GND Pin=U24-8
Added Pin To Net: NetName=GND Pin=U24-18
Added Pin To Net: NetName=GND Pin=U24-30
Added Pin To Net: NetName=GND Pin=U24-38
Added Net: Name=GND
Added Pin To Net: NetName=LED_Y1 Pin=U6-2
Added Pin To Net: NetName=LED_Y1 Pin=U8-3
Added Net: Name=LED_Y1
Added Pin To Net: NetName=LED_Y2 Pin=U8-6
Added Pin To Net: NetName=LED_Y2 Pin=U10-2
Added Net: Name=LED_Y2
Added Pin To Net: NetName=LED_Y3 Pin=U12-2
Added Pin To Net: NetName=LED_Y3 Pin=U14-3
Added Net: Name=LED_Y3
Added Pin To Net: NetName=LED_Y4 Pin=U14-6
Added Pin To Net: NetName=LED_Y4 Pin=U16-2
Added Net: Name=LED_Y4
Added Pin To Net: NetName=LED_Y5 Pin=U18-2
Added Pin To Net: NetName=LED_Y5 Pin=U20-3
Added Net: Name=LED_Y5
Added Pin To Net: NetName=LED_Y6 Pin=U20-6
Added Pin To Net: NetName=LED_Y6 Pin=U22-2
Added Net: Name=LED_Y6
Added Pin To Net: NetName=LED_Y7 Pin=U7-2
Added Pin To Net: NetName=LED_Y7 Pin=U9-6
Added Net: Name=LED_Y7
Added Pin To Net: NetName=LED_Y8 Pin=U9-3
Added Pin To Net: NetName=LED_Y8 Pin=U11-2
Added Net: Name=LED_Y8
Added Pin To Net: NetName=LED_Y9 Pin=U13-2
Added Pin To Net: NetName=LED_Y9 Pin=U15-6
Added Net: Name=LED_Y9
Added Pin To Net: NetName=LED_Y10 Pin=U15-3
Added Pin To Net: NetName=LED_Y10 Pin=U17-2
Added Net: Name=LED_Y10
Added Pin To Net: NetName=LED_Y11 Pin=U19-2
Added Pin To Net: NetName=LED_Y11 Pin=U21-6
Added Net: Name=LED_Y11
Added Pin To Net: NetName=LED_Y12 Pin=U21-3
Added Pin To Net: NetName=LED_Y12 Pin=U23-2
Added Net: Name=LED_Y12
Added Pin To Net: NetName=NetC2_2 Pin=C2-2
Added Pin To Net: NetName=NetC2_2 Pin=D1-2
Added Pin To Net: NetName=NetC2_2 Pin=U1-8
Added Net: Name=NetC2_2
Added Pin To Net: NetName=NetC3_1 Pin=C3-1
Added Pin To Net: NetName=NetC3_1 Pin=R7-2
Added Net: Name=NetC3_1
Added Pin To Net: NetName=NetC3_2 Pin=C3-2
Added Pin To Net: NetName=NetC3_2 Pin=C4-2
Added Pin To Net: NetName=NetC3_2 Pin=U1-4
Added Net: Name=NetC3_2
Added Pin To Net: NetName=NetC5_1 Pin=C5-1
Added Pin To Net: NetName=NetC5_1 Pin=R8-1
Added Pin To Net: NetName=NetC5_1 Pin=R11-1
Added Pin To Net: NetName=NetC5_1 Pin=U3-3
Added Net: Name=NetC5_1
Added Pin To Net: NetName=NetD1_1 Pin=D1-1
Added Pin To Net: NetName=NetD1_1 Pin=D3-2
Added Net: Name=NetD1_1
Added Pin To Net: NetName=NetD2_2 Pin=D2-2
Added Pin To Net: NetName=NetD2_2 Pin=L1-1
Added Pin To Net: NetName=NetD2_2 Pin=U1-1
Added Net: Name=NetD2_2
Added Pin To Net: NetName=NetD4_1 Pin=D4-1
Added Pin To Net: NetName=NetD4_1 Pin=R14-2
Added Net: Name=NetD4_1
Added Pin To Net: NetName=NetD10_1 Pin=D10-1
Added Pin To Net: NetName=NetD10_1 Pin=U13-3
Added Net: Name=NetD10_1
Added Pin To Net: NetName=NetR1_2 Pin=R1-2
Added Pin To Net: NetName=NetR1_2 Pin=R4-2
Added Pin To Net: NetName=NetR1_2 Pin=U1-5
Added Net: Name=NetR1_2
Added Pin To Net: NetName=NetR2_1 Pin=R2-1
Added Pin To Net: NetName=NetR2_1 Pin=R5-2
Added Pin To Net: NetName=NetR2_1 Pin=U2-3
Added Net: Name=NetR2_1
Added Pin To Net: NetName=NetR3_1 Pin=R3-1
Added Pin To Net: NetName=NetR3_1 Pin=R6-2
Added Pin To Net: NetName=NetR3_1 Pin=U2-5
Added Net: Name=NetR3_1
Added Pin To Net: NetName=NetR5_1 Pin=R5-1
Added Pin To Net: NetName=NetR5_1 Pin=U2-11
Added Net: Name=NetR5_1
Added Pin To Net: NetName=NetR6_1 Pin=R6-1
Added Pin To Net: NetName=NetR6_1 Pin=U2-11
Added Net: Name=NetR6_1
Added Pin To Net: NetName=NetR9_1 Pin=R9-1
Added Pin To Net: NetName=NetR9_1 Pin=R12-2
Added Pin To Net: NetName=NetR9_1 Pin=U2-10
Added Net: Name=NetR9_1
Added Pin To Net: NetName=NetR10_1 Pin=R10-1
Added Pin To Net: NetName=NetR10_1 Pin=R13-2
Added Pin To Net: NetName=NetR10_1 Pin=U2-12
Added Net: Name=NetR10_1
Added Pin To Net: NetName=NetR12_1 Pin=R12-1
Added Pin To Net: NetName=NetR12_1 Pin=U2-11
Added Net: Name=NetR12_1
Added Pin To Net: NetName=NetR13_1 Pin=R13-1
Added Pin To Net: NetName=NetR13_1 Pin=U2-11
Added Net: Name=NetR13_1
Added Pin To Net: NetName=NetR15_1 Pin=R15-1
Added Pin To Net: NetName=NetR15_1 Pin=U6-1
Added Net: Name=NetR15_1
Added Pin To Net: NetName=NetR16_1 Pin=R16-1
Added Pin To Net: NetName=NetR16_1 Pin=U7-1
Added Net: Name=NetR16_1
Added Pin To Net: NetName=NetR17_1 Pin=R17-1
Added Pin To Net: NetName=NetR17_1 Pin=U10-1
Added Net: Name=NetR17_1
Added Pin To Net: NetName=NetR18_1 Pin=R18-1
Added Pin To Net: NetName=NetR18_1 Pin=U11-1
Added Net: Name=NetR18_1
Added Pin To Net: NetName=NetR19_1 Pin=R19-1
Added Pin To Net: NetName=NetR19_1 Pin=U12-1
Added Net: Name=NetR19_1
Added Pin To Net: NetName=NetR20_1 Pin=R20-1
Added Pin To Net: NetName=NetR20_1 Pin=U13-1
Added Net: Name=NetR20_1
Added Pin To Net: NetName=NetR21_1 Pin=R21-1
Added Pin To Net: NetName=NetR21_1 Pin=U16-1
Added Net: Name=NetR21_1
Added Pin To Net: NetName=NetR22_1 Pin=R22-1
Added Pin To Net: NetName=NetR22_1 Pin=U17-1
Added Net: Name=NetR22_1
Added Pin To Net: NetName=NetR23_1 Pin=R23-1
Added Pin To Net: NetName=NetR23_1 Pin=U18-1
Added Net: Name=NetR23_1
Added Pin To Net: NetName=NetR24_1 Pin=R24-1
Added Pin To Net: NetName=NetR24_1 Pin=U19-1
Added Net: Name=NetR24_1
Added Pin To Net: NetName=NetR25_1 Pin=R25-1
Added Pin To Net: NetName=NetR25_1 Pin=U22-1
Added Net: Name=NetR25_1
Added Pin To Net: NetName=NetR26_1 Pin=R26-1
Added Pin To Net: NetName=NetR26_1 Pin=U23-1
Added Net: Name=NetR26_1
Added Pin To Net: NetName=PDI_CLK Pin=U24-35
Added Net: Name=PDI_CLK
Added Pin To Net: NetName=PDI_DATA Pin=U24-34
Added Net: Name=PDI_DATA
Added Pin To Net: NetName=S_A1 Pin=U2-1
Added Pin To Net: NetName=S_A1 Pin=U2-2
Added Net: Name=S_A1
Added Pin To Net: NetName=S_A2 Pin=U2-8
Added Pin To Net: NetName=S_A2 Pin=U2-9
Added Net: Name=S_A2
Added Pin To Net: NetName=S_A3 Pin=U2-6
Added Pin To Net: NetName=S_A3 Pin=U2-7
Added Net: Name=S_A3
Added Pin To Net: NetName=S_A4 Pin=U2-13
Added Pin To Net: NetName=S_A4 Pin=U2-14
Added Net: Name=S_A4
Added Pin To Net: NetName=S_Y1 Pin=U8-5
Added Pin To Net: NetName=S_Y1 Pin=U24-40
Added Net: Name=S_Y1
Added Pin To Net: NetName=S_Y2 Pin=U8-2
Added Pin To Net: NetName=S_Y2 Pin=U24-41
Added Net: Name=S_Y2
Added Pin To Net: NetName=S_Y3 Pin=U14-5
Added Pin To Net: NetName=S_Y3 Pin=U24-42
Added Net: Name=S_Y3
Added Pin To Net: NetName=S_Y4 Pin=U14-2
Added Pin To Net: NetName=S_Y4 Pin=U24-43
Added Net: Name=S_Y4
Added Pin To Net: NetName=S_Y5 Pin=U20-5
Added Pin To Net: NetName=S_Y5 Pin=U24-44
Added Net: Name=S_Y5
Added Pin To Net: NetName=S_Y6 Pin=U20-2
Added Pin To Net: NetName=S_Y6 Pin=U24-1
Added Net: Name=S_Y6
Added Pin To Net: NetName=S_Y7 Pin=U9-2
Added Pin To Net: NetName=S_Y7 Pin=U24-2
Added Net: Name=S_Y7
Added Pin To Net: NetName=S_Y8 Pin=U9-5
Added Pin To Net: NetName=S_Y8 Pin=U24-3
Added Net: Name=S_Y8
Added Pin To Net: NetName=S_Y9 Pin=U15-2
Added Net: Name=S_Y9
Added Pin To Net: NetName=S_Y10 Pin=U15-5
Added Net: Name=S_Y10
Added Pin To Net: NetName=S_Y11 Pin=U21-2
Added Net: Name=S_Y11
Added Pin To Net: NetName=S_Y12 Pin=U21-5
Added Net: Name=S_Y12
Added Pin To Net: NetName=SW_PROGRAM Pin=U24-13
Added Net: Name=SW_PROGRAM
Added Pin To Net: NetName=USB_DM Pin=U24-26
Added Net: Name=USB_DM
Added Pin To Net: NetName=USB_DP Pin=U24-27
Added Net: Name=USB_DP
Added Pin To Net: NetName=Y1 Pin=D5-2
Added Pin To Net: NetName=Y1 Pin=U6-4
Added Net: Name=Y1
Added Pin To Net: NetName=Y2 Pin=D7-2
Added Pin To Net: NetName=Y2 Pin=U10-4
Added Net: Name=Y2
Added Pin To Net: NetName=Y3 Pin=D9-2
Added Pin To Net: NetName=Y3 Pin=U12-4
Added Net: Name=Y3
Added Pin To Net: NetName=Y4 Pin=D11-2
Added Pin To Net: NetName=Y4 Pin=U16-4
Added Net: Name=Y4
Added Pin To Net: NetName=Y5 Pin=D13-2
Added Pin To Net: NetName=Y5 Pin=U18-4
Added Net: Name=Y5
Added Pin To Net: NetName=Y6 Pin=D15-2
Added Pin To Net: NetName=Y6 Pin=U22-4
Added Net: Name=Y6
Added Pin To Net: NetName=Y7 Pin=D6-2
Added Pin To Net: NetName=Y7 Pin=U7-4
Added Net: Name=Y7
Added Pin To Net: NetName=Y8 Pin=D8-2
Added Pin To Net: NetName=Y8 Pin=U11-4
Added Net: Name=Y8
Added Pin To Net: NetName=Y9 Pin=D10-2
Added Pin To Net: NetName=Y9 Pin=U13-4
Added Net: Name=Y9
Added Pin To Net: NetName=Y10 Pin=D12-2
Added Pin To Net: NetName=Y10 Pin=U17-4
Added Net: Name=Y10
Added Pin To Net: NetName=Y11 Pin=D14-2
Added Pin To Net: NetName=Y11 Pin=U19-4
Added Net: Name=Y11
Added Pin To Net: NetName=Y12 Pin=D16-2
Added Pin To Net: NetName=Y12 Pin=U23-4
Added Net: Name=Y12
Added Class: Name=DSDPLC_IO
Added Class: Name=DSDPLC_MCU
Added Room: Name=DSDPLC_IO
Added Room: Name=DSDPLC_MCU
